0 silly argv {
0 silly argv   _: [ 'run' ],
0 silly argv   scope: 'client',
0 silly argv   lernaVersion: '5.4.3',
0 silly argv   '$0': 'node_modules/.bin/lerna',
0 silly argv   script: 'build'
0 silly argv }
1 notice cli v5.4.3
2 verbose rootPath /home/erik/WORK/my_projects/yandex/Arcade-2D-game
3 notice filter including "client"
4 info filter [ 'client' ]
5 error Error: EACCES: permission denied, scandir '/home/erik/WORK/my_projects/yandex/Arcade-2D-game/tmp/pgdata'
5 error     at Object.readdirSync (node:fs:1390:3)
5 error     at readdirWithFileTypes (/home/erik/WORK/my_projects/yandex/Arcade-2D-game/node_modules/@nodelib/fs.scandir/out/providers/sync.js:16:33)
5 error     at Object.read (/home/erik/WORK/my_projects/yandex/Arcade-2D-game/node_modules/@nodelib/fs.scandir/out/providers/sync.js:10:16)
5 error     at SyncReader.scandirSync [as _scandir] (/home/erik/WORK/my_projects/yandex/Arcade-2D-game/node_modules/@nodelib/fs.scandir/out/index.js:18:17)
5 error     at SyncReader._handleDirectory (/home/erik/WORK/my_projects/yandex/Arcade-2D-game/node_modules/@nodelib/fs.walk/out/readers/sync.js:28:34)
5 error     at SyncReader._handleQueue (/home/erik/WORK/my_projects/yandex/Arcade-2D-game/node_modules/@nodelib/fs.walk/out/readers/sync.js:23:18)
5 error     at SyncReader.read (/home/erik/WORK/my_projects/yandex/Arcade-2D-game/node_modules/@nodelib/fs.walk/out/readers/sync.js:15:14)
5 error     at SyncProvider.read (/home/erik/WORK/my_projects/yandex/Arcade-2D-game/node_modules/@nodelib/fs.walk/out/providers/sync.js:11:29)
5 error     at ReaderSync.walkSync [as _walkSync] (/home/erik/WORK/my_projects/yandex/Arcade-2D-game/node_modules/@nodelib/fs.walk/out/index.js:20:21)
